<?xml version="1.0" encoding="UTF-8"?>
<!-- Generated by org.testng.reporters.JUnitReportReporter -->
<testsuite skipped="0" hostname="LAPTOP-8MVKMBUE" name="com.automation.testsuits.SignInPageTest" tests="1" failures="0" timestamp="2022-05-08T12:16:58 BST" time="7.822" errors="0">
  <testcase name="userShouldNavigateToSignInPageSuccessFully" time="7.822" classname="com.automation.testsuits.SignInPageTest"/>
  <system-out/>
</testsuite> <!-- com.automation.testsuits.SignInPageTest -->
